<?xml version="1.0" encoding="UTF-8"?>
<!-- Generated by org.testng.reporters.JUnitXMLReporter -->
<testsuite ignored="2" hostname="DESKTOP-75ALLF2" failures="0" tests="2" name="Test" time="148.258" errors="0" timestamp="2024-04-17T16:31:18 IST">
  <testcase classname="Admin.BaseClassManageproductTest" name="script" time="57.013"/>
  <testcase classname="Admin.BaseClassLoginAsUsreAndAdminUsingTest" name="script" time="62.508"/>
  <testcase classname="com.GenericUtilities.BaseClass" name="@AfterSuite closeDB" time="0.0">
    <ignored/>
  </testcase> <!-- @AfterSuite closeDB -->
  <testcase classname="com.GenericUtilities.BaseClass" name="@BeforeSuite connectToDB" time="0.0">
    <ignored/>
  </testcase> <!-- @BeforeSuite connectToDB -->
</testsuite> <!-- Test -->
